<?xml version="1.0" encoding="UTF-8"?>
<!-- Generated by org.testng.reporters.JUnitReportReporter -->
<testsuite hostname="DESKTOP-6MCO3NS" failures="0" tests="17" name="com.qa.opencart.tests.AccountsPageTest" time="0.052" errors="1" timestamp="2023-07-18T11:17:03 IST" skipped="16">
  <testcase classname="com.qa.opencart.tests.AccountsPageTest" name="setup" time="0.052">
    <error message="inStream parameter is null" type="java.lang.NullPointerException">
      <![CDATA[java.lang.NullPointerException: inStream parameter is null
at java.base/java.util.Objects.requireNonNull(Objects.java:233)
at java.base/java.util.Properties.load(Properties.java:407)
at com.qa.opencart.factory.DriverFactory.initProp(DriverFactory.java:127)
at com.qa.opencart.base.BaseTest.setup(BaseTest.java:41)
at java.base/jdk.internal.reflect.NativeMethodAccessorImpl.invoke0(Native Method)
at java.base/jdk.internal.reflect.NativeMethodAccessorImpl.invoke(NativeMethodAccessorImpl.java:77)
at java.base/jdk.internal.reflect.DelegatingMethodAccessorImpl.invoke(DelegatingMethodAccessorImpl.java:43)
at java.base/java.lang.reflect.Method.invoke(Method.java:568)
at org.testng.internal.MethodInvocationHelper.invokeMethod(MethodInvocationHelper.java:133)
at org.testng.internal.MethodInvocationHelper.invokeMethodConsideringTimeout(MethodInvocationHelper.java:62)
at org.testng.internal.ConfigInvoker.invokeConfigurationMethod(ConfigInvoker.java:385)
at org.testng.internal.ConfigInvoker.invokeConfigurations(ConfigInvoker.java:321)
at org.testng.TestRunner.invokeTestConfigurations(TestRunner.java:637)
at org.testng.TestRunner.beforeRun(TestRunner.java:627)
at org.testng.TestRunner.run(TestRunner.java:589)
at org.testng.SuiteRunner.runTest(SuiteRunner.java:377)
at org.testng.SuiteRunner.runSequentially(SuiteRunner.java:371)
at org.testng.SuiteRunner.privateRun(SuiteRunner.java:332)
at org.testng.SuiteRunner.run(SuiteRunner.java:276)
at org.testng.SuiteRunnerWorker.runSuite(SuiteRunnerWorker.java:53)
at org.testng.SuiteRunnerWorker.run(SuiteRunnerWorker.java:96)
at org.testng.TestNG.runSuitesSequentially(TestNG.java:1212)
at org.testng.TestNG.runSuitesLocally(TestNG.java:1134)
at org.testng.TestNG.runSuites(TestNG.java:1063)
at org.testng.TestNG.run(TestNG.java:1031)
at org.testng.remote.AbstractRemoteTestNG.run(AbstractRemoteTestNG.java:115)
at org.testng.remote.RemoteTestNG.initAndRun(RemoteTestNG.java:251)
at org.testng.remote.RemoteTestNG.main(RemoteTestNG.java:77)
]]>
    </error>
  </testcase> <!-- setup -->
  <system-out/>
  <testcase classname="com.qa.opencart.tests.AccountsPageTest" name="verifyAccountsPageTilteTest" time="0.000">
    <skipped/>
  </testcase> <!-- verifyAccountsPageTilteTest -->
  <system-out/>
  <testcase classname="com.qa.opencart.tests.AccountsPageTest" name="verifyAccountUrlTest" time="0.000">
    <skipped/>
  </testcase> <!-- verifyAccountUrlTest -->
  <system-out/>
  <testcase classname="com.qa.opencart.tests.AccountsPageTest" name="logoutlinkExistTest" time="0.000">
    <skipped/>
  </testcase> <!-- logoutlinkExistTest -->
  <system-out/>
  <testcase classname="com.qa.opencart.tests.AccountsPageTest" name="accountHeaderCountTest" time="0.000">
    <skipped/>
  </testcase> <!-- accountHeaderCountTest -->
  <system-out/>
  <testcase classname="com.qa.opencart.tests.AccountsPageTest" name="accountHeaderValueTest" time="0.000">
    <skipped/>
  </testcase> <!-- accountHeaderValueTest -->
  <system-out/>
  <testcase classname="com.qa.opencart.tests.AccountsPageTest" name="searchProduct" time="0.000">
    <skipped/>
  </testcase> <!-- searchProduct -->
  <system-out/>
  <testcase classname="com.qa.opencart.tests.AccountsPageTest" name="searchProduct" time="0.000">
    <skipped/>
  </testcase> <!-- searchProduct -->
  <system-out/>
  <testcase classname="com.qa.opencart.tests.AccountsPageTest" name="searchProduct" time="0.000">
    <skipped/>
  </testcase> <!-- searchProduct -->
  <system-out/>
  <testcase classname="com.qa.opencart.tests.AccountsPageTest" name="searchProduct" time="0.000">
    <skipped/>
  </testcase> <!-- searchProduct -->
  <system-out/>
  <testcase classname="com.qa.opencart.tests.AccountsPageTest" name="selectProductTest" time="0.000">
    <skipped/>
  </testcase> <!-- selectProductTest -->
  <system-out/>
  <testcase classname="com.qa.opencart.tests.AccountsPageTest" name="selectProductTest" time="0.000">
    <skipped/>
  </testcase> <!-- selectProductTest -->
  <system-out/>
  <testcase classname="com.qa.opencart.tests.AccountsPageTest" name="selectProductTest" time="0.000">
    <skipped/>
  </testcase> <!-- selectProductTest -->
  <system-out/>
  <testcase classname="com.qa.opencart.tests.AccountsPageTest" name="selectProductTest" time="0.000">
    <skipped/>
  </testcase> <!-- selectProductTest -->
  <system-out/>
  <testcase classname="com.qa.opencart.tests.AccountsPageTest" name="selectProductTest" time="0.000">
    <skipped/>
  </testcase> <!-- selectProductTest -->
  <system-out/>
  <testcase classname="com.qa.opencart.tests.AccountsPageTest" name="selectProductTest" time="0.000">
    <skipped/>
  </testcase> <!-- selectProductTest -->
  <system-out/>
  <testcase classname="com.qa.opencart.tests.AccountsPageTest" name="selectProductTest" time="0.000">
    <skipped/>
  </testcase> <!-- selectProductTest -->
  <system-out/>
</testsuite> <!-- com.qa.opencart.tests.AccountsPageTest -->
